<?xml version="1.0" encoding="UTF-8"?>
<testsuite xmlns:xsi="http://www.w3.org/2001/XMLSchema-instance" xsi:noNamespaceSchemaLocation="https://maven.apache.org/surefire/maven-surefire-plugin/xsd/surefire-test-report.xsd" name="ca.jrvs.apps.trading.dao.MarketDaoIntTest" time="1.243" tests="1" errors="1" skipped="0" failures="0">
  <properties>
[...]
</properties>
  <testcase name="findIEXQuoteByTickers" classname="ca.jrvs.apps.trading.dao.MarketDaoIntTest" time="1.094">
    <error message="A JSONObject text must begin with &apos;{&apos; at 1 [character 2 line 1]" type="org.json.JSONException">org.json.JSONException: A JSONObject text must begin with '{' at 1 [character 2 line 1]
	at ca.jrvs.apps.trading.dao.MarketDaoIntTest.findIEXQuoteByTickers(MarketDaoIntTest.java:32)
</error>
    <system-out><![CDATA[20:53:40.021 [main] DEBUG org.apache.http.client.protocol.RequestAddCookies - CookieSpec selected: default
20:53:40.040 [main] DEBUG org.apache.http.client.protocol.RequestAuthCache - Auth cache not set in the context
20:53:40.041 [main] DEBUG org.apache.http.impl.conn.PoolingHttpClientConnectionManager - Connection request: [route: {s}->https://cloud.iexapis.com:443][total kept alive: 0; route allocated: 0 of 50; total allocated: 0 of 50]
20:53:40.061 [main] DEBUG org.apache.http.impl.conn.PoolingHttpClientConnectionManager - Connection leased: [id: 0][route: {s}->https://cloud.iexapis.com:443][total kept alive: 0; route allocated: 1 of 50; total allocated: 1 of 50]
20:53:40.063 [main] DEBUG org.apache.http.impl.execchain.MainClientExec - Opening connection {s}->https://cloud.iexapis.com:443
20:53:40.119 [main] DEBUG org.apache.http.impl.conn.DefaultHttpClientConnectionOperator - Connecting to cloud.iexapis.com/35.224.251.107:443
20:53:40.119 [main] DEBUG org.apache.http.conn.ssl.SSLConnectionSocketFactory - Connecting socket to cloud.iexapis.com/35.224.251.107:443 with timeout 0
20:53:40.177 [main] DEBUG org.apache.http.conn.ssl.SSLConnectionSocketFactory - Enabled protocols: [TLSv1.2]
20:53:40.177 [main] DEBUG org.apache.http.conn.ssl.SSLConnectionSocketFactory - Enabled cipher suites:[TLS_ECDHE_ECDSA_WITH_AES_256_GCM_SHA384, TLS_ECDHE_ECDSA_WITH_AES_128_GCM_SHA256, TLS_ECDHE_RSA_WITH_AES_256_GCM_SHA384, TLS_ECDHE_RSA_WITH_AES_128_GCM_SHA256, TLS_DHE_RSA_WITH_AES_256_GCM_SHA384, TLS_DHE_DSS_WITH_AES_256_GCM_SHA384, TLS_DHE_RSA_WITH_AES_128_GCM_SHA256, TLS_DHE_DSS_WITH_AES_128_GCM_SHA256, TLS_ECDHE_ECDSA_WITH_AES_256_CBC_SHA384, TLS_ECDHE_RSA_WITH_AES_256_CBC_SHA384, TLS_ECDHE_ECDSA_WITH_AES_128_CBC_SHA256, TLS_ECDHE_RSA_WITH_AES_128_CBC_SHA256, TLS_DHE_RSA_WITH_AES_256_CBC_SHA256, TLS_DHE_DSS_WITH_AES_256_CBC_SHA256, TLS_DHE_RSA_WITH_AES_128_CBC_SHA256, TLS_DHE_DSS_WITH_AES_128_CBC_SHA256, TLS_ECDH_ECDSA_WITH_AES_256_GCM_SHA384, TLS_ECDH_RSA_WITH_AES_256_GCM_SHA384, TLS_ECDH_ECDSA_WITH_AES_128_GCM_SHA256, TLS_ECDH_RSA_WITH_AES_128_GCM_SHA256, TLS_ECDH_ECDSA_WITH_AES_256_CBC_SHA384, TLS_ECDH_RSA_WITH_AES_256_CBC_SHA384, TLS_ECDH_ECDSA_WITH_AES_128_CBC_SHA256, TLS_ECDH_RSA_WITH_AES_128_CBC_SHA256, TLS_ECDHE_ECDSA_WITH_AES_256_CBC_SHA, TLS_ECDHE_RSA_WITH_AES_256_CBC_SHA, TLS_ECDHE_ECDSA_WITH_AES_128_CBC_SHA, TLS_ECDHE_RSA_WITH_AES_128_CBC_SHA, TLS_DHE_RSA_WITH_AES_256_CBC_SHA, TLS_DHE_DSS_WITH_AES_256_CBC_SHA, TLS_DHE_RSA_WITH_AES_128_CBC_SHA, TLS_DHE_DSS_WITH_AES_128_CBC_SHA, TLS_ECDH_ECDSA_WITH_AES_256_CBC_SHA, TLS_ECDH_RSA_WITH_AES_256_CBC_SHA, TLS_ECDH_ECDSA_WITH_AES_128_CBC_SHA, TLS_ECDH_RSA_WITH_AES_128_CBC_SHA, TLS_RSA_WITH_AES_256_GCM_SHA384, TLS_RSA_WITH_AES_128_GCM_SHA256, TLS_RSA_WITH_AES_256_CBC_SHA256, TLS_RSA_WITH_AES_128_CBC_SHA256, TLS_RSA_WITH_AES_256_CBC_SHA, TLS_RSA_WITH_AES_128_CBC_SHA, TLS_EMPTY_RENEGOTIATION_INFO_SCSV]
20:53:40.177 [main] DEBUG org.apache.http.conn.ssl.SSLConnectionSocketFactory - Starting handshake
20:53:40.498 [main] DEBUG org.apache.http.conn.ssl.SSLConnectionSocketFactory - Secure session established
20:53:40.499 [main] DEBUG org.apache.http.conn.ssl.SSLConnectionSocketFactory -  negotiated protocol: TLSv1.2
20:53:40.499 [main] DEBUG org.apache.http.conn.ssl.SSLConnectionSocketFactory -  negotiated cipher suite: TLS_ECDHE_RSA_WITH_AES_128_GCM_SHA256
20:53:40.502 [main] DEBUG org.apache.http.conn.ssl.SSLConnectionSocketFactory -  peer principal: CN=*.iexapis.com
20:53:40.502 [main] DEBUG org.apache.http.conn.ssl.SSLConnectionSocketFactory -  peer alternative names: [*.iexapis.com, iexapis.com]
20:53:40.502 [main] DEBUG org.apache.http.conn.ssl.SSLConnectionSocketFactory -  issuer principal: CN=Sectigo RSA Domain Validation Secure Server CA, O=Sectigo Limited, L=Salford, ST=Greater Manchester, C=GB
20:53:40.507 [main] DEBUG org.apache.http.impl.conn.DefaultHttpClientConnectionOperator - Connection established 10.142.0.2:49030<->35.224.251.107:443
20:53:40.507 [main] DEBUG org.apache.http.impl.execchain.MainClientExec - Executing request GET /v1/stock/market/batch?symbols=AAPL,FB&types=quote&token=null HTTP/1.1
20:53:40.508 [main] DEBUG org.apache.http.impl.execchain.MainClientExec - Target auth state: UNCHALLENGED
20:53:40.508 [main] DEBUG org.apache.http.impl.execchain.MainClientExec - Proxy auth state: UNCHALLENGED
20:53:40.510 [main] DEBUG org.apache.http.headers - http-outgoing-0 >> GET /v1/stock/market/batch?symbols=AAPL,FB&types=quote&token=null HTTP/1.1
20:53:40.510 [main] DEBUG org.apache.http.headers - http-outgoing-0 >> Host: cloud.iexapis.com
20:53:40.510 [main] DEBUG org.apache.http.headers - http-outgoing-0 >> Connection: Keep-Alive
20:53:40.510 [main] DEBUG org.apache.http.headers - http-outgoing-0 >> User-Agent: Apache-HttpClient/4.5.3 (Java/1.8.0_322)
20:53:40.510 [main] DEBUG org.apache.http.headers - http-outgoing-0 >> Accept-Encoding: gzip,deflate
20:53:40.510 [main] DEBUG org.apache.http.wire - http-outgoing-0 >> "GET /v1/stock/market/batch?symbols=AAPL,FB&types=quote&token=null HTTP/1.1[\r][\n]"
20:53:40.510 [main] DEBUG org.apache.http.wire - http-outgoing-0 >> "Host: cloud.iexapis.com[\r][\n]"
20:53:40.510 [main] DEBUG org.apache.http.wire - http-outgoing-0 >> "Connection: Keep-Alive[\r][\n]"
20:53:40.510 [main] DEBUG org.apache.http.wire - http-outgoing-0 >> "User-Agent: Apache-HttpClient/4.5.3 (Java/1.8.0_322)[\r][\n]"
20:53:40.510 [main] DEBUG org.apache.http.wire - http-outgoing-0 >> "Accept-Encoding: gzip,deflate[\r][\n]"
20:53:40.510 [main] DEBUG org.apache.http.wire - http-outgoing-0 >> "[\r][\n]"
20:53:40.551 [main] DEBUG org.apache.http.wire - http-outgoing-0 << "HTTP/1.1 403 The API key provided is not valid.[\r][\n]"
20:53:40.552 [main] DEBUG org.apache.http.wire - http-outgoing-0 << "Server: nginx[\r][\n]"
20:53:40.552 [main] DEBUG org.apache.http.wire - http-outgoing-0 << "Date: Thu, 21 Apr 2022 20:53:40 GMT[\r][\n]"
20:53:40.552 [main] DEBUG org.apache.http.wire - http-outgoing-0 << "Transfer-Encoding: chunked[\r][\n]"
20:53:40.552 [main] DEBUG org.apache.http.wire - http-outgoing-0 << "Connection: keep-alive[\r][\n]"
20:53:40.552 [main] DEBUG org.apache.http.wire - http-outgoing-0 << "Set-Cookie: ctoken=d4a69908d1a64ea3bb92bfb44c643ef8; Max-Age=43200; Path=/; Expires=Fri, 22 Apr 2022 08:53:40 GMT[\r][\n]"
20:53:40.552 [main] DEBUG org.apache.http.wire - http-outgoing-0 << "Strict-Transport-Security: max-age=15768000[\r][\n]"
20:53:40.552 [main] DEBUG org.apache.http.wire - http-outgoing-0 << "Access-Control-Allow-Origin: *[\r][\n]"
20:53:40.552 [main] DEBUG org.apache.http.wire - http-outgoing-0 << "Access-Control-Allow-Credentials: true[\r][\n]"
20:53:40.552 [main] DEBUG org.apache.http.wire - http-outgoing-0 << "Access-Control-Allow-Methods: GET, OPTIONS[\r][\n]"
20:53:40.552 [main] DEBUG org.apache.http.wire - http-outgoing-0 << "Access-Control-Allow-Headers: Origin, X-Requested-With, Content-Type, Accept, Request-Source[\r][\n]"
20:53:40.552 [main] DEBUG org.apache.http.wire - http-outgoing-0 << "[\r][\n]"
20:53:40.552 [main] DEBUG org.apache.http.wire - http-outgoing-0 << "22[\r][\n]"
20:53:40.552 [main] DEBUG org.apache.http.wire - http-outgoing-0 << "The API key provided is not valid.[\r][\n]"
20:53:40.555 [main] DEBUG org.apache.http.headers - http-outgoing-0 << HTTP/1.1 403 The API key provided is not valid.
20:53:40.555 [main] DEBUG org.apache.http.headers - http-outgoing-0 << Server: nginx
20:53:40.555 [main] DEBUG org.apache.http.headers - http-outgoing-0 << Date: Thu, 21 Apr 2022 20:53:40 GMT
20:53:40.555 [main] DEBUG org.apache.http.headers - http-outgoing-0 << Transfer-Encoding: chunked
20:53:40.556 [main] DEBUG org.apache.http.headers - http-outgoing-0 << Connection: keep-alive
20:53:40.556 [main] DEBUG org.apache.http.headers - http-outgoing-0 << Set-Cookie: ctoken=d4a69908d1a64ea3bb92bfb44c643ef8; Max-Age=43200; Path=/; Expires=Fri, 22 Apr 2022 08:53:40 GMT
20:53:40.556 [main] DEBUG org.apache.http.headers - http-outgoing-0 << Strict-Transport-Security: max-age=15768000
20:53:40.556 [main] DEBUG org.apache.http.headers - http-outgoing-0 << Access-Control-Allow-Origin: *
20:53:40.556 [main] DEBUG org.apache.http.headers - http-outgoing-0 << Access-Control-Allow-Credentials: true
20:53:40.556 [main] DEBUG org.apache.http.headers - http-outgoing-0 << Access-Control-Allow-Methods: GET, OPTIONS
20:53:40.556 [main] DEBUG org.apache.http.headers - http-outgoing-0 << Access-Control-Allow-Headers: Origin, X-Requested-With, Content-Type, Accept, Request-Source
20:53:40.569 [main] DEBUG org.apache.http.impl.execchain.MainClientExec - Connection can be kept alive indefinitely
20:53:40.579 [main] WARN org.apache.http.client.protocol.ResponseProcessCookies - Invalid cookie header: "Set-Cookie: ctoken=d4a69908d1a64ea3bb92bfb44c643ef8; Max-Age=43200; Path=/; Expires=Fri, 22 Apr 2022 08:53:40 GMT". Invalid 'expires' attribute: Fri, 22 Apr 2022 08:53:40 GMT
20:53:40.586 [main] DEBUG org.apache.http.wire - http-outgoing-0 << "0[\r][\n]"
20:53:40.586 [main] DEBUG org.apache.http.wire - http-outgoing-0 << "[\r][\n]"
20:53:40.586 [main] DEBUG org.apache.http.impl.conn.PoolingHttpClientConnectionManager - Connection [id: 0][route: {s}->https://cloud.iexapis.com:443] can be kept alive indefinitely
20:53:40.586 [main] DEBUG org.apache.http.impl.conn.PoolingHttpClientConnectionManager - Connection released: [id: 0][route: {s}->https://cloud.iexapis.com:443][total kept alive: 1; route allocated: 1 of 50; total allocated: 1 of 50]
]]></system-out>
  </testcase>
</testsuite>